500
0 7651 7022 4979 8486 7126 2203 8215 1136 8443 7963 1566 7320
1 4020 9976 8149 6798 8082 4340 7829 3739 7339 8405 9231 4788 4484 540
2 143 8712 2231 9504 6023 4317 1076 912 8394 728
3 3456 9363 9443 1276 722 589 7024 4278 3926 7544 4294 6595 7214
4 9279 6153 3618 8386 658 678 9006 5367 5588 2089 5433 9617
5 9270 2428 7554 3410 605 2948 8066 8837 7309 2983 316 5623
6 965 3709 991 8061 7163 7028 1936 1694 3172 9369 8718 6527 4047
7 3826 7492 265 9968 7608 6540 5880 6553 6337 2563 9197
8 9248 2419 7940 2104 2548 261 5655 2723 6620 7902 8473 5792 6613
9 5126 8755 2202 1896 6629 172 1930 2643 6033 4046 2340 2110 5156
10 1616 8460 1989 752 9608 4759 100 5384 681 4061 279 8406 2161
11 6907 2388 2188 7037 3996 183 948 9606 5712 4489 92 9820
12 8207 3183 6351 1620 9984 2362 5292 2129 7542 6118 411 403 7736
13 1594 5118 1813 1035 7713 6879 5037 8177 5464 3690
14 5855 199 4342 4941 6393 7689 2860 4770 923 6841 2708 1537
15 4631 4731 1565 8350 9871 3881 602 3437 5370 9389
16 7701 1705 236 7140 2179 1084 5904 2568 9086 6902 5249
17 5481 6238 5672 2083 6492 2965 4444 2702 4503 5723 574
18 2811 7114 2013 9545 7146 5279 1202 7991 5683 8050 6432
19 9266 5902 5487 3484 1924 4549 3591 611 8426 6049 9091 3120
20 2096 8522 7674 5960 4360 2819 2708 9804 1753 5412 1328 4933 9843
21 4285 6382 3610 2962 6607 2327 1491 4538 7869 4442 1082 9369 5312 1784
22 5413 6192 5979 9128 4725 5625 6477 6404 4911 955 790 5763 9848 2604 1049
23 3277 5126 9032 7661 5092 9545 3953 1986 4533 439 5876 8152 5019
24 7165 3836 8864 6658 3979 4328 898 3301 8028 6254 2240 9855 3828
25 4139 6918 5851 797 5903 8710 3520 9199 3848 528 5805
26 4935 2404 3081 4355 6931 9275 9881 3068 5138 6533 5792 3810 2904
27 5103 4354 4756 4589 1881 2 3694 1626 5416 5824 2066 9253 6458 2705 5816
28 4329 5928 9513 9440 1881 4854 3219 3870 6248 4466 6860 4432
29 979 8466 6371 6405 6193 7827 2184 4477 6334 7561 7806 3428 7242
30 9961 3573 6771 379 8020 7885 257 3917 9883 4452 4735
31 5216 7219 1877 3323 6605 4506 4907 4508 1008 9097 3338 391 4931
32 5736 7852 6117 6098 5378 6457 4512 5399 1678
33 8033 3370 8270 9857 321 9740 2510 2454 7789 3043 4718 8157 8217 4077 320 838
34 9702 2868 9737 3411 9873 632 9645 2816 2589 8671 52 9186
35 9898 8433 412 1326 1663 7730 778 1381 6516 5499 9920 2489 1900
36 7888 8135 2869 5117 3785 9505 5558 560 5412 458 2599 5447 5316 7560 6367 6608
37 1473 3436 2248 9966 9663 1791 2210 5038 7825 6296 5951 9216
38 2032 8317 3229 9875 1639 2564 7782 1728 2035 8999 5480 2794
39 2447 9738 1934 4580 6864 1199 3963 779 9484 7832 4176 1741
40 8319 6560 7403 3614 9743 9440 3065 7438 6021 8367 9627 5005 715 6639
41 1080 7884 6331 9773 2835 4482 5386 1801 2465 2121 7336 3801 2628 7966
42 8398 2127 3435 2972 8680 3566 4795 5060 4287 6759 10 1591 7896 6842
43 4187 9444 8992 8042 5332 5111 1584 6584 5461 5184 1059 310 3056
44 8292 319 6056 3459 5644 9817 2752 4305 1911 455
45 4203 8971 1572 6969 6313 6281 7120 3547 8218 9944 4254 8256 6707 2287 8951 6625
46 8708 5931 7438 1132 5268 9527 1437 8990 4870 7128 7640 562 895
47 265 2706 799 577 5800 1003 5642 1750 8023 5900 4309 6197
48 2123 7066 1457 2611 8997 7949 3085 5079 3834 7346 5207
49 5440 8319 6168 7881 885 3747 3399 4680 458 655 840 8093 686 3982
50 1451 1499 3461 7641 4627 7158 4891 1755 3624 76 3571 837
51 2313 5993 8940 5642 7743 5583 3032 7408 3769 3171 2977
52 5187 6065 8647 1871 3681 6581 906 969 1242 9534 2163 8801
53 7311 281 8468 9418 699 116 350 9828 3488 4955 4708
54 4738 1689 703 4210 5884 9760 6031 9607 5709 2527 7750 949
55 8595 3603 8983 8809 3441 9788 324 3242 9758 9969 4673 5275 9654 3941
56 1774 4765 9669 9159 7454 865 3199 2 7762 1552 5412 4895 6272 2288 4668 2185 9514 9050 6635 8286 3818 5064 2402 3982
57 2707 1795 6577 2034 7120 8401 8022 4098 5358 1138 905 2068
58 8654 4703 2084 4341 812 454 8846 5258 5834 636 7501 2190
59 5748 5481 1280 2764 7396 1754 4533 8182 7196 9340 5106 7161 2038
60 4911 4909 5557 6443 6332 3838 160 7249 4089 8004
61 9580 6636 9536 8280 3265 1132 5320 919 334 5192 9218 9848 6298
62 9955 8444 6666 4277 7434 1648 5486 9404 2282 1023 5251 194 2854
63 3592 529 1718 8253 7761 3532 7734 8387 527 122 4940 2505
64 2123 3930 4224 9877 1382 4669 6714 591 8355 9683 876 1172 3153
65 4204 5429 8100 6150 1363 6023 9302 5346 2022 2925 8387 5293
66 2435 3035 6060 1310 6695 1426 4015 3490 2832 6044 3267 2112 7261 8094 7883
67 8895 5973 5720 424 7308 6850 6256 6448 9810 1429
68 425 4880 2686 2437 6745 4628 9352 1403 5766 1967 7591 8662
69 4042 3973 3830 5454 4521 2656 6387 4248 8457 3626
70 7119 384 5141 2419 3420 5485 9852 4973 9223 9987 7804
71 2999 982 8067 4869 1979 7666 1714 2782 296 7359 7216 2555 4347
72 9234 7840 6364 7107 849 1919 9043 6606 3129 9842 9885
73 1774 3464 4531 7493 8548 33 8702 9716 3330 3248 501 2235 6363
74 1923 7656 3778 6709 4595 6815 8116 263 9056 283 36
75 4846 7816 9841 1377 2962 506 5511 3695 5920 4451 9013
76 4273 5977 352 6947 3447 4555 5294 9789 4472 7409 167 719 7342 7536
77 4003 8205 3244 5465 7050 8809 805 3552 5902 4389 8593 9498 3209 1831 6591 6909 252 5961 4170 1523 3877
78 6109 7703 4778 6799 6748 4824 5012 6745 9153 142 5886
79 6534 9978 121 3710 7053 3614 3274 6547 7755 4334 7227 5986
80 2969 1546 3657 5001 1983 9068 6656 3943 4456 7945 130 4377
81 4356 7055 9621 1203 7576 1235 1099 5096 6035 3687 127 4873
82 3862 8340 3742 8681 8125 6366 3705 6267 3293 6065 774 5964 9957 7855 6746
83 6571 3716 8346 5707 6552 6785 237 9615 6646 7681 7230
84 8714 1558 8331 8491 2984 6835 297 5049 3233 6489 7607 6949 7090
85 7590 5649 9667 5469 2255 6434 569 9788 3565 5904 8737 2195
86 4130 4491 9242 9962 9711 8116 1423 2332 5538 6687 9679
87 8166 9241 6161 4750 9927 6708 6139 5722 7842 8285 4672
88 1695 8430 105 9997 9585 4719 6148 2937 3937 4478 9695 8277 1624
89 3381 1779 8661 205 7131 3911 5170 4818 6741 185 2793 6473
90 1316 8677 9139 8940 8318 4685 2816 9349 5766 8114 9876 4199
91 8642 6770 9421 763 3718 4556 8343 9535 2165 1258 2577 8390 1032 1117
92 2003 1261 7308 2267 7739 4918 9546 5203 1807 7322 3792
93 4850 7394 6680 4314 8994 3627 59 4877 4181 3764
94 276 8323 2477 707 3365 9209 3270 2247 7520 4159 3574 3562 2951
95 8547 3295 772 4017 273 5327 4326 5671 8371 73 9938
96 2979 2052 9380 7744 2877 9019 6000 770 586 2766 4256 6478 9458 1119 9988
97 7771 7584 752 5981 8462 2561 7901 5340 567 3600 1840 1756 4395
98 6466 2127 8612 2873 284 7156 4180 789 3681 2741 7176 4353 8786 6924 2301
99 6693 5869 6461 6013 4889 6300 9154 4843 2420 9658 6729 6334 4873
100 1500 5564 9648 1796 7874 9141 1151 8483 1265 6125 3677 9862 8813
101 2595 9517 8656 8425 8440 6448 8449 852 5744 5788 839 5809
102 6537 6509 5507 1128 976 2416 5780 8614 7160 3364 9020 2839 6107 9683 232 9478
103 154 1417 5752 7430 6702 5026 7067 598 2375 8843 7713 5875 5897
104 101 6914 4297 8790 3545 7762 8034 8530 7464 1567 725 8922 5403 2604
105 9949 6654 961 204 8346 2909 6878 3252 8601 732
106 5017 4327 7413 703 1324 3920 901 4372 2007 4541 1692 6755
107 393 1568 2422 2569 4271 2214 5526 465 6005 6638 4788 6494 7953 3750
108 274 7340 2197 1052 9888 5543 9102 5261 374 6055
109 8184 7652 3466 2675 5677 9098 2349 4435 7616 360 2777 3789 2411 4121 6613
110 684 8939 5655 8934 6768 7363 9360 3473 5762 8570 3217 820 6656 8728 2857 4082 5247
111 6136 8314 4249 3783 3296 6801 4359 4840 4312 2910 7934 8418 7220 8608
112 7347 3755 4927 9990 2834 9347 3847 3103 6430 6938 8853 786 9152 1927 2524
113 2658 710 4728 6289 8633 2753 8010 6826 1820
114 7108 5850 9417 7487 8576 6656 5382 5572 5597 7883 4138
115 6200 3659 4280 472 4787 2758 8236 259 9894 1180 4563
116 2652 3181 7179 8569 1493 5521 70 9996 9687 2738
117 1143 4391 276 1680 9531 9818 6592 2458 6714 9655 2579 131 4159 6744 7228
118 1530 415 3273 7215 9898 6098 4969 741 5913 6942 3602
119 8800 7715 8103 3631 3109 7001 6231 9210 2093 2978 9717 3508 3837 2243 2986
120 7900 3020 2116 184 2345 6073 5228 8601 8345 1737 9364 3696 6627 5685 6276 3445 4055 4316
121 49 7639 4840 6450 1286 239 8796 3981 8638 9017
122 9494 4522 2433 2676 4340 6358 7349 285 9716 836 6100 8780 9750 3639 3936 1858 1292 8570 8904 8711 3551 1528
123 1181 3126 1208 3904 8215 1752 7043 1560 8233 4537 7280 4288 2288 1418
124 9560 8663 583 5402 498 9450 7240 6444 5986 3347 6340
125 2132 3045 1390 1002 4548 184 9952 525 6739 6717 6034 3032 977 8639 6619
126 5107 6597 3815 9128 4827 4752 7585 2114 2704 9550
127 4060 6145 5354 1134 6041 7891 9493 133 2156 6376 986 9366 8382 9521
128 1713 4266 5500 3420 2941 7911 937 8158 8962 935 1823
129 6333 1086 6889 7339 6754 8298 1046 302 5584 4122 3343
130 5869 4934 8746 604 5810 4244 2691 5372 6956 4928 1344 5962 7402
131 5008 9602 9821 9306 6551 6082 7355 2206 362 1954 4903 8305 1139 7595 9211
132 3425 871 6961 4942 9728 7247 7942 8468 1353 4210 2040 6315 9904
133 5213 4766 7259 6241 666 4297 7704 777 2408 1734 1510 5466 8813 5030 4400
134 2316 6027 2382 9653 8338 6908 4743 8127 5072 2053 9500
135 7589 7740 6386 5240 4406 3487 9831 5762 2409 7648 1630 8007 5643
136 7413 9656 6807 9665 3060 4999 5348 3421 1379 4155 3361 8922 2618
137 8299 6476 5124 610 5703 2327 7356 9143 3563 4112 6482 5376 945 3148
138 771 1573 850 8732 3404 9176 2006 2704 9700 8801 1155
139 4303 2514 5342 4777 3952 5296 6256 3028 8644 8944 5546
140 1195 6324 8432 4741 6141 6077 6688 1094 6326 6598 57 2250 5861
141 3573 5698 1541 1210 519 1749 6958 5350 9249 6809 2554 4664 3875 476 9829 3601
142 4345 9124 4901 8636 6563 8738 6172 5737 2749 2295 7981 6052 4636 9149
143 2459 6554 7541 2949 4177 4351 5775 639 2664 9433 9244 7702 5391
144 3439 4474 7072 2958 5850 8392 7652 5465 3354 2633 4744 3345 9678 56 8230 5333 7864 5705
145 7592 4436 4068 5927 1912 7419 4058 2321 4182 520 5662 1590
146 7724 9571 8225 6530 3221 6092 1508 1566 1121 6312
147 9859 6712 9974 6728 5470 6685 846 5208 7790 329 3012 6936 8807 738 7141
148 3998 1304 5529 9752 4726 2934 3156 30 3465 8977 2947
149 8691 2780 4803 5133 3279 1534 9671 3051 3652 7098 661 4222
150 6649 7659 9145 5770 237 412 7522 8898 4040 7477 6388 1396 6561 3700
151 2013 4517 4670 4834 7760 7396 7287 2177 5767 5813 3680 7228 3184 5987 9777 3575 1078
152 7154 7347 1127 7083 7754 9304 7009 854 2225 5619 8711 3278 4135
153 1655 1826 8250 3326 4684 6498 1958 6584 1178 6854 3474 6647 827
154 2545 1654 4832 8750 8578 748 7070 4764 7374 776 83 6104
155 3773 824 7782 1508 1111 7287 1238 2077 4127 8775 3054 2225 6887
156 3871 4440 6089 151 9005 5361 9243 2329 3936 4605 4401 5668 2241
157 7604 2400 4351 2662 4689 5652 5359 366 1067 2045 8404 3575 674
158 4553 7418 6327 3011 5388 163 8057 1238 2699 3397 190 9477 5476
159 9826 8872 2910 6626 8861 9828 2984 5622 3548 9129 8883
160 6327 1869 1386 7824 390 7565 563 9474 3496 6973 3894 7257 872 1960 3092
161 7036 5195 6818 7627 4981 5938 2892 5842 9894 7593 4639
162 1779 4439 5128 9529 7123 4452 6631 6322 3771 9615 5470 7667
163 6050 8212 9951 13 7026 165 7466 2154 7112 9303 8770 5199
164 2428 9402 2098 1497 3757 6409 9691 1193 533 9735 2756 3753 3877
165 9905 5392 161 1356 3283 6776 30 4626 6550 3044 1055 7802
166 9792 2716 5968 7828 4751 1632 5375 3793 8387 5758
167 271 9718 8881 6424 2715 9339 3058 5373 9121 2244 1122 9643 873
168 4008 4564 4326 5621 8413 5615 2192 5652 1340 3507 366 3433 2740 674
169 8353 7847 7006 4383 5255 9022 2833 1956 5252
170 6938 3289 3544 5248 6498 1925 8665 4370 2853 8074
171 703 8019 4975 7721 7526 9807 8960 9414 9532 8538 6076 6465 2627 8382
172 7813 3149 750 7659 5050 3292 3377 6703 5045 3738 2183 6746 2863 9842
173 3387 8976 884 6397 8739 3956 5280 1557 3074 7025 1579 6720
174 8303 2781 2760 9150 8666 1092 4505 8722 7982 7113 4043 9989 192
175 4382 9781 6503 4398 5943 5000 7043 291 2773 4178 3763 4580 1953 2384 6613
176 751 6897 5046 296 2986 8849 4644 2508 9098 4392 724 8092
177 1761 7709 3886 3040 6359 7498 4215 2712 3945 8095 7910 7057 2697 5794 4027 7728
178 7752 7088 7428 8080 935 8532 881 7433 3584 6452 720 3392 434 6415 1555 8581
179 6392 9192 903 1009 8961 6892 5417 7494 1747 2115 5899 5634
180 4212 5326 421 7907 6757 9412 7524 3799 1668 6733 4572 3012 9340 2055
181 6770 5835 8255 1941 7438 7809 3795 6920 2484 1339 315 1527 2923 3101
182 5919 385 2002 3228 1248 4403 7880 4192 1024 4724 2835 1798
183 2826 1280 8941 8437 8450 1043 7433 5870 7296 960 6609 7358 8056
184 8091 7821 6577 2275 2022 2483 4805 3706 591 3021 908 5783 7373 6130 2629 1574
185 6161 5190 1642 7729 4791 3419 3985 4875 6763 3042 7920 8927 4240
186 2574 5039 4154 4195 8174 1341 4073 9761 6904 6643 7810 4093 7742 4199
187 3277 914 723 89 351 109 7647 6750 8200 795 8604 6946 7618 7993
188 3472 4161 7961 1327 7882 5507 3619 1273 4480 5109 2175 7662
189 8752 5628 6989 8428 7184 3582 9901 5841 8438 1470 8688 7893 3782 6122 2863
190 1080 2734 3758 4638 8715 2675 2304 4487 8514 6832 5399 6962 3150
191 7589 3271 8587 6175 6137 278 185 4322 4664 5288 8411 2097 3596 6512
192 5244 8607 9374 7381 7898 9703 9039 5976 8521 7354
193 7443 6234 8202 3170 8618 2498 5299 1147 8068 4757 7966 528
194 2381 6496 9736 7444 9693 2472 6585 9710 2998
195 573 8053 9075 8858 7123 5864 3922 5670 9598 5414 2856 5613 9454
196 470 7696 4174 9014 1699 1200 1514 9082 1238 9970 5007 2358 6062
197 8162 9166 5988 9681 4900 6913 568 8195 511 2420 4980 7151
198 7413 2431 3616 8756 5082 1475 3352 7590 5663 8137 5284 7859 4729
199 47 889 328 406 287 4332 8491 9726 3895 8111 796 9196
200 2718 2877 5286 1879 9041 6899 5437 6651 1586 6731 7692 9667 5929 7490 7215 9666 9787 2180
201 8263 9517 131 2069 5589 7314 5733 1021 831 1020 7964 8927
202 9494 2867 8520 8026 1454 469 7222 7232 4908 542 7950 1901 6086 4594
203 3887 3400 1383 7645 1976 2905 6287 4067 4724 7610
204 5204 338 2817 1065 9981 8774 7438 1288 7963
205 6317 5318 6097 642 4527 6149 8481 8539 2213 8731 2068
206 3919 8802 3752 2492 5033 95 811 8753 6439 2380
207 9247 6855 8952 1890 2606 587 8996 9115 9688 5727 9650
208 8675 3829 139 4884 1907 8244 5018 9872 1797 4006
209 4660 96 1097 9989 5659 3933 7286 616 364 9680 8467 7770
210 189 1991 4526 413 6970 7990 7916 9200 1622 4470 8482 9244
211 2306 3783 5142 118 3214 707 740 6873 3123 962 4117 8751 489 9283 6360
212 7664 3889 9081 7571 7092 1517 6398 7071 3274 9530 7518 6258
213 4893 6025 2199 261 1979 9161 3950 6301 8508 5300 3067 7682 8007 9130
214 6824 2871 6075 9110 5436 4284 4293 1822 5843 789 1077 8859 4274 2519
215 938 5801 9912 2443 1133 6131 6729 3868 2423 8663 3534 7823 8102
216 3887 8104 9972 1712 3373 6038 2558 3498 5257 3608 6886
217 1014 2346 1201 447 2581 6710 6526 1010 3090 4583 4722 5109
218 2631 8263 3543 4974 8442 5755 8238 7051 4697 5661 4894 2410 94 2956
219 5126 7660 2092 2846 156 2232 3795 9281 1299 699 5196 6096 7796 3721
220 102 1988 5676 7133 5499 7581 694 8491 3027 7808 3333 2037
221 199 9045 9445 4119 7746 8901 7318 9153 5158 8107 3858 2568
222 1071 9 9179 8772 2239 1772 4226 7812 1997 2445 3554 3164 4041
223 7541 3948 7459 2810 8736 6247 2355 2568 6641 1411 4658 2307 3458 3316 5565 8538 9293 5639
224 61 8190 3473 7759 5903 1427 4410 1440 4793 2800
225 1817 1731 8111 8629 5933 8304 9398 2372 1606 8458 2185 4861 4698
226 8529 8335 9490 1548 7949 3374 3065 3588 8868 221 4207 6265 1855 8733
227 2370 7949 4737 4275 8077 2540 9356 5573 3486 759 6391 552 688 6619
228 1878 2721 4526 1941 1468 8114 9141 5798 9543 3231 1126 4373 753 2085 9704 3327 2490
229 8959 4438 4020 1189 5401 3973 8079 6085 60 7710 8504
230 4954 9278 7972 9100 7649 6479 8222 3300 2892 6860 6556
231 5017 5891 5660 1963 7889 5053 4808 7202 2278 1414 7156 6018 462 4876 3095 3845 1295
232 3203 1415 4810 6172 2511 9261 8462 5134 3341 7639 9815 2889 4915
233 9724 210 1193 8049 4901 4408 8389 5750 5913 5325 4071 1174
234 713 3909 8345 4301 7436 5635 5595 9409 5756 3225 4743 6101 5716 7455 6628
235 9164 6051 6981 3513 8630 4520 5491 6030 4266 4536 2913 331 4800 3916
236 5183 8789 6780 6642 8451 4097 9152 6590 6257 3479 8383 6833
237 260 3515 8845 8090 1177 3034 5587 6490 5022 3024 7686 4053 3820
238 4152 2915 8329 241 4350 314 8534 8585 8574 510 4243 9187 4932
239 383 2049 2586 6827 6578 5759 853 1998 6349 9605 345
240 3914 7997 2693 3959 5941 9930 3175 8388 4039 1834 5456 3180 2572
241 7719 7571 653 341 9630 7329 4740 4209 349 6549 8716 7354
242 8479 415 174 4701 8942 2095 5996 8494 819 7897 9103
243 1406 1535 7779 9937 6242 2878 8328 6169 1518 8770
244 100 1007 1792 5097 1370 4191 8125 3980 4503 353 6003
245 5237 3702 3349 3113 4330 2065 5129 6814 8402 7937 4140
246 4465 2460 2908 1647 5847 4635 2967 6185 6993 2412 2028
247 3297 5078 9302 9292 3613 2790 1019 3408 87 1461 8431 9225 7555
248 7059 6026 1358 7050 2607 8549 1053 3760 8609 5439 4713 7844 4302 7336
249 3132 2450 1859 5708 8366 7699 8963 3754 1105 5572 6304 6781
250 6285 8672 6009 9274 9383 106 9410 9759 6683 6924 4983 1020 2159
251 6990 6930 8603 9925 9755 5913 2093 9722 3507 8994 2666 2565 6971 3177
252 6952 1079 9159 3280 86 6698 8272 2710 6227 7353 4867 6604 3885
253 241 2598 9542 2422 7698 1635 8833 9960 728 5361 2626
254 1223 7998 7856 8630 8806 4991 2126 6542 9699 3332 7622 4672 7883
255 4687 8905 1061 6827 1334 4772 5037 1224 9790 5548 4087
256 5163 4299 5647 5731 5423 9054 4510 5381 3993 5347 2614
257 7154 9753 1294 8893 4812 8245 2345 1156 998 8808 4566 6487 9144 1790 4343 2562 5112
258 4806 6066 468 5322 176 9474 9763 1329 9425 3978 2757 4747 1916
259 6749 744 6345 9640 2285 551 7631 7021 4769 7019 3032 3843
260 9878 7892 8191 7080 5700 8356 4265 7198 7409 9415 769 8284
261 6686 7562 6180 9846 3113 6453 4725 3814 8820 9682 8917 6116
262 4971 2849 2319 9912 7868 5035 9537 5114 7925 4498 3936 9551 8947 3023
263 9891 5748 8008 44 7614 5083 7965 9361 2148 9968 9576 3766 3733 3119 7575 9936 1218 5409
264 8659 5301 341 3722 9361 1140 5995 8324 9956 7833 8325 3118 4352 9225 1644
265 3132 6903 5694 2850 1373 7416 7772 8235 79 5710 4267 2995
266 9424 7006 498 1935 9698 2299 6133 9676 1894 6369 3975 4984 3115
267 367 195 3221 4108 1244 3201 3236 1601 8146 8606 4913 7225 6054 6243
268 9457 2439 3948 2908 9935 5937 8002 8604 518 3867 6346
269 8931 8376 940 563 1399 5415 3666 7929 427 2334 6354 2009 5547
270 8824 6091 1284 6552 5427 9036 8155 4855 370 2119 4647
271 7481 4152 1945 5946 321 3543 5378 7240 5289 9446 592 6713 1760 4199 8484
272 4780 8953 6982 3192 153 6760 9909 5661 2825 3048 2625
273 5389 9806 2507 1128 2938 8193 3776 3490 7755 2748 2142 1196 1056 8048
274 1561 9189 7650 7894 8834 235 4368 9007 4311 1476 9114 7553 119 3955 6001
275 7350 5681 2208 7877 6668 4569 7377 6167 1752 2057 9495
276 5331 8352 5938 6113 6263 7135 110 2062 4068 5376 8955 5923 2986 150 2318 6762 2485 2904
277 8529 1570 673 1272 7040 9616 2924 196 2544 8292 8503 9824 3482 9707
278 6411 5365 6505 4238 3414 5483 1299 2872 8066 3745 5656 1652 1528 2364
279 4633 6206 188 8265 1716 3106 2415 923 7253 8720 4124 9816
280 5388 2468 7259 7652 3813 4497 4917 8722 6491 3805 4253 4412 1205 8605 9712 2253
281 6674 9379 8932 8564 8269 5764 8315 4018 6627 4099 7458 3025 4352 277
282 1502 3825 5715 5598 1357 7762 5761 9107 9793 2694 2340 7262 6101
283 3132 1698 5510 8784 9196 3356 2113 5355 6938 2401 9508 6124 1425 4070
284 3224 9554 9604 1809 5675 3438 6588 2121 258 6896 3262 9237 1058
285 2306 9832 5505 1722 9377 5693 6557 2653 841 9980 4563
286 5955 6875 5827 9145 7546 5426 7777 8199 3838 8836 9411
287 7977 1977 5127 4579 7105 453 7485 2580 935 9210 8949 1264 2769
288 3563 659 7307 6526 569 6612 3427 6215 9228 9172 5450 4722
289 3800 5730 1721 2795 2674 2547 3086 5971 2331 9628 9834
290 8268 1501 7531 7416 4404 3817 9450 5781 5572 4682 2749 6778 2038
291 6572 3461 3269 7540 3158 9150 2720 6637 4424 2458
292 5179 7054 5651 3704 9330 8239 4100 2754 2522 4652 1481 9588 9834
293 1057 6593 2366 828 3307 972 6575 3077 6151 5909 2936 3191
294 1051 3716 5952 8393 2134 2480 7052 6253 5061 2251
295 2516 7688 3797 3 5470 8 1984 566 1481 5789 6789 9146 9677 9860
296 6224 448 9782 7069 1496 7077 8092 7613 4407 8897 5453 2317 782
297 8078 5965 7188 8069 3983 6032 4872 1901 9307 2310 8638 2954
298 1897 8179 9301 6286 2379 4144 9709 6997 6832 7344 3860
299 7875 2081 6142 6085 9479 8234 3152 6106 3500
300 3059 523 1130 2143 3511 7517 72 8125 815 6731 4087 1006 23 6022 1302
301 9583 5561 9178 9773 7264 425 5626 6724 7950 2441 1840 3673 2399
302 2952 1774 4933 1431 5829 8312 4902 9207 7580 7545
303 2189 9547 5015 7932 5463 2067 8340 6187 4417 6524 9471
304 6105 6336 1157 3161 4479 5368 5369 4607 9400 1297 2750 6662 4025 5880 1348 4282 3707 3282
305 2590 1907 1208 7120 4654 6658 1645 6194 1920 9332 4913 446 4578
306 5230 7875 158 9614 8368 6151 9008 5307 5890 4095 1167 2164 5822 6210 8406
307 5854 3908 8557 9819 164 2200 9456 2655 1617 9348
308 4220 7821 9522 7732 5147 9157 5795 3457 4090 4871 5679 6647 4035
309 3185 6134 8446 2743 1493 8360 9933 7718 7268 7602 512
310 3390 3925 3002 4567 4962 1587 3128 4319 2746 5885 7671 7944 5962 166 7784 3453
311 4322 700 5506 6422 8911 7699 736 7473 180 6092 2145
312 623 7924 5873 1685 2242 7404 3186 3216 2233 5251 3182 9684
313 6070 7472 1964 3255 6188 62 8830 894 4625 5803 59 119 5594
314 2584 3375 2373 3402 7206 5135 4677 6094 6669 4897 1534 5796 8406 1369
315 877 2635 3676 5704 4225 6879 3174 2761 5067 7097 7003 2176
316 5455 4062 1371 5811 7504 7654 4637 8291 7756
317 5059 8582 1479 730 7917 203 513 7231 6292 6689 9698 8972
318 4224 408 7774 4251 8548 300 3653 6385 8208 6329 5575
319 2291 3064 8331 8619 9886 9631 5163 91 7693 1858 9023 7880 8362 1067 6244 2389
320 9046 7779 6882 2846 6448 2736 5448 8463 6090 123 2240 2015 1849 7153
321 4947 1247 7632 5782 9524 2507 2297 8284 953 7624 9797
322 1045 8268 9731 7277 4646 6786 2150 2293 3236 282 4114 7629 4956 2800
323 4476 9501 4945 5951 8862 3362 1392 3448 7270 6467 4259 5688
324 2488 3854 1091 9841 3302 8395 1961 9284 3494 2646 7240
325 3489 5532 66 5322 9548 5772 2220 3672 5537 9579 1348 8027 7686 1162 2961 5574
326 1893 4829 1826 6482 7155 8676 137 9092 9158 5898 3475
327 7997 102 6235 7201 7894 6539 3495 2063 1391 1326 4593 9080
328 7398 3194 35 4116 1718 5976 8907 2000 5217 7605 9637
329 1433 7143 6977 4169 3521 4805 249 2605 6863 8724 612 578 9077
330 2450 6053 5404 6533 2537 8130 696 687 7948 8550 1999 649
331 4120 148 8660 9067 6202 9406 2181 1011 8125 9511 8855 5339
332 5812 2012 3896 8140 1981 8170 2060 4966 9943 5457 9403 238 3708 6120 5853
333 4186 8741 3006 4577 4379 2878 8734 2667 8154 9591 3481 6976
334 939 3614 8672 9825 7226 1936 4448 7969 8798 2071 3964 5534 3883
335 7626 7604 631 4638 8841 5219 2935 34 8317 5639 9073 3015 2331
336 1597 5513 3951 6201 5829 3131 8133 6658 5180 7285
337 120 5774 1243 9857 4687 8836 635 4237 9367 9010 8644 999 9682
338 7023 8939 9803 7085 4582 7563 4315 3133 8118 3777 3412 5872 3023
339 7217 4837 745 6433 9372 7002 2668 7699 2168 2270 9590 8822 3894 2212
340 1042 79 4622 6637 3516 3987 5768 9224 3408 1643 356 1953 6277 7909 9481 1609
341 9795 1969 1102 9156 4964 2845 1668 482 9116 4334 7012 971 8422
342 4471 7852 6548 1037 558 1905 8162 5263 8112 9533 90 6665 5848
343 7370 7491 5176 9613 533 890 6697 6122 2803 3879
344 4460 103 3782 8911 947 7764 4644 8829 4855 9186
345 3758 159 386 6345 9043 4767 5460 6155 5394 2195 930 4720
346 4019 8621 7949 308 9371 3405 6480 4264 2615 8347 8379 8844 1574
347 3239 1828 6941 8201 3468 6037 1849 2043 4615 1029
348 7174 5691 5246 2136 7297 3163 5521 6820 7298
349 2829 780 1261 3890 2925 3878 5114 179 3419 9947
350 8136 2083 856 899 8323 7519 4490 8673 5259 8735 4173 259
351 1666 7301 2781 2932 9170 4059 2271 6044 7800 490 4821 7447
352 6823 8520 7210 7716 309 1125 1315 2442 140 8648 2677 7876
353 2930 7562 1776 4307 4771 1079 4355 6443 4255 2538 6239
354 7573 4651 7899 8542 5139 729 3940 7491 2020 1036 9936 7087 6613
355 1580 375 6112 8321 5836 2578 685 8916 8260 7880 1844 7078 9376
356 1870 352 851 5715 4716 6413 3521 9827 1347 5762 6562 4276 5878 303
357 2893 9065 8939 3415 318 4141 7292 445 6191 4892 756 451 2858 857
358 9785 6399 6010 7044 6673 9269 4085 1600 683 1105 7038 3166 546
359 1990 6709 3401 3005 2005 9994 2167 3235 8379 4069 6438 1336 9624 9213
360 1320 4330 3189 2720 1770 8396 1521 9769 7555 1975
361 8266 3316 5579 31 6544 5676 5618 9870 6067 7064 9365 1465
362 1625 469 2211 7157 3806 8384 6978 626 9752 4691 8686 3069 3388 1832 7597
363 365 5672 2653 2922 4864 3552 4151 9956 1838 720 4415 6139 977 9328
364 3667 6870 886 3797 9742 1259 9548 5920 5870 6410 7577 2149 7254 1799 4723 3753
365 9428 7653 382 9075 1944 616 4493 4172 7464 7819 7699 5018 9662 2389
366 9472 5614 7912 1625 9416 915 6922 7670 4600 21 5267 4943 1564
367 1124 5752 5624 8968 4250 6969 5104 4814 3999 4192 9408 4070
368 9931 2517 758 2351 1116 1889 7465 2789 1767 3075 2499 837
369 4553 1231 1161 9312 1083 4185 4740 7494 8625
370 1101 7117 4142 4261 8273 124 323 3376 4602 2765 2796
371 7615 9623 4123 8370 8307 1232 996 1086 81 2566 3730 7490 3235 2539 8043 1918
372 7598 1106 2556 321 6093 7150 3094 2017 5186 6339 7367 8310
373 9859 6792 1338 8819 326 7180 9649 3316 4021 6573 1876 1727 3699
374 3492 8524 8320 3971 9442 806 8183 4227 2441 8387 3892
375 4972 6885 3528 3851 4245 9646 7730 5243 2351 8453 5610 6054 2767
376 3372 2058 920 7276 1206 779 6462 787 9835 3715 9917 4206 7415 4898
377 6471 8237 7137 9276 1439 893 68 5313 1557 3910 3720 7792 1355
378 6126 3525 6186 6587 972 129 1735 2536 410 5028 6223 5042
379 6579 7798 1968 2963 1892 1481 5874 7511 7925 6400
380 1014 5649 7 7315 4591 1404 4830 3433 7686 8387 2030 1592
381 7469 4023 7759 7528 4561 2882 5294 8192 1643 2029 9533 7302 1366 7379 6014
382 1696 7837 1952 6382 6435 5295 3395 3109 7249 2550 6619 2906
383 1017 8188 6112 9047 9459 5445 4462 6912 683 2288 8729 9315 9484 966 1946
384 6854 1343 4968 8264 6368 343 9373 5290 9771 5451 2643
385 1973 8358 979 3990 8114 5608 122 6348 9244 2073 9343 9007 6119 8545
386 1870 4205 8180 169 8725 7341 531 6144 1114 4843 4796
387 5231 9265 3003 569 5485 2486 4225 1146 7661 4523 277
388 108 7556 2760 9910 107 3832 512 4183 7122 5525 5340 8116 6905 5396 7509
389 3697 399 9220 6822 1818 7014 178 4704 4453 9661 2023 5643
390 6299 5119 6735 3830 6250 629 3315 3137 7559 7992 3863 3076
391 7797 3813 1007 6760 7935 2616 4029 7448 9757 7680 9715
392 6159 3872 2624 3648 9766 4539 7514 9362 5866 5818 9434 595
393 9341 5382 9141 4488 7079 1984 1845 8040 6273 2697 2776 1323 6020 9232
394 4826 2460 5785 554 3767 3615 5721 8919 6778 4081 3736 5814 896 857 3286
395 3126 2172 925 4688 2300 7150 3669 4588 6144 5737 145
396 5425 8817 5799 3299 2414 5317 7138 6661 9055 42 783 9500
397 6601 581 1350 2245 9033 2270 1943 6545 6586
398 8740 9499 7913 8887 6902 5498 3089 6692 1909 4836 1933 1314 9746 4176
399 8248 6510 5561 2167 7732 7118 5073 5905 3448 6942 6727
400 1948 8908 5002 4000 6518 843 3737 1694 6634 8279 9461 3589 446 4397 2121
401 5854 9566 7771 8812 6713 4051 7453 4835 4967 4936 3743
402 5532 3375 8757 6209 420 8413 4761 8438 2101 7762 5459
403 6192 9708 8573 8167 4211 3780 9774 3108 9798 8461 7513 2155 1318
404 1316 1667 2428 8487 8265 6063 8171 3039 2532 7175 9370 5936
405 3855 4102 979 4483 8910 2111 6002 6567 7569 1586 2378 3923 6599 3173 1670
406 7781 8091 3953 1921 6522 6954 65 1031 6396 7234 6416 4455
407 2795 1533 9483 5219 2252 5123 3276 2927 9318 6574 5466 3144 6459 7723 1498 5112
408 9986 3206 5363 5756 4247 1459 7016 3354 7594 6538 2677
409 98 8978 9604 2308 412 6077 3162 893 1519 5359 8994 4106 6573 6653
410 1651 1593 1269 6758 2205 4727 7203 2372 1595 5151 7988 3838 369
411 7552 98 7783 4730 380 1069 1524 5044 3994 869 478
412 6897 845 9314 6578 3178 5298 3195 601 2119 4151 4781 3074 2881 8622
413 6615 1077 549 2684 5849 8435 7438 4217 5410 392 3728
414 8894 3320 7933 4447 4967 3958 1039 3341 5893 1087 9238 3715 9285 2288 1041 9836 9456 3699
415 3291 8547 40 3570 3158 8481 2570 2863 4919 2166 4181 4170
416 5503 4376 5220 9321 2913 3298 3396 4614 2444 5898 8160 3256
417 4705 2901 1711 1537 3033 4365 4628 3184 8226 2694 3371 8640 6174
418 2590 2153 9142 731 2027 1376 476 1657 5734 976 9811 4
419 2335 6294 8227 2920 1545 2861 3612 1106 7296 3083 7677 3313 8799
420 3607 9210 9465 4085 9845 668 4964 4918 9050 6255 7338
421 8888 1493 2559 7890 2218 7280 8658 427 6983 305 7112 4678 9848
422 4655 9298 6482 7507 4314 5468 3200 5291 1030 6146
423 9173 3701 4785 6678 7732 4270 4543 2 5907 7266 5932 8164 6257
424 88 2390 243 8571 5957 3293 9545 57 8771 4442 5171 9599 3557 3852 3125
425 1934 8541 8948 9194 8462 3121 8617 944 5377 3012 5206 4772 3171
426 3697 7223 447 8749 4280 7933 8689 8009 6769 3623 403 1054
427 2798 9470 8168 9487 5245 9448 6330 3523 6900 7191 1717 7327 3001 3303 2768 5773
428 3901 7573 2647 3198 9371 4551 3902 9692 5110 2240 2729 1391 7567 3699
429 4958 6504 7121 2315 2258 62 3366 2953 9934 220
430 6042 4736 3597 9208 6464 3690 9160 1682 53 6568 8641 9188 4862
431 3311 3293 2236 5522 3211 855 8431 5569 5476 6511 3345
432 6046 2962 6320 4952 2841 4421 7326 5432 1794 2135 9064 9063 9858 5458
433 2058 8697 8693 270 3932 1429 5820 4690 54 2582 6354 3804 1154 8540
434 2584 8120 4296 1356 5302 2498 3268 452 311 2640 8
435 5963 847 1387 7872 8410 2639 5930 3545 2549 5411 125 3691 6827 5912 7489 2137
436 2493 1143 1709 4957 3117 8594 1219 1532 7527 8038 7042 5580
437 9975 4031 4239 3586 773 1978 4349 8044 7273 7081 6217
438 9038 2515 6544 4360 6177 7568 9903 3977 680 2463 8528 7381 8493
439 7174 9051 2742 6856 5086 1697 5099 1534 3151 1368 5016
440 464 3842 4684 5715 5743 5664 6837 2885 2978 8896 3417 9455 1321
441 6517 7638 2307 8979 1955 4030 1214 9201
442 3398 9509 9870 6412 9556 5256 1186 3103 1375 905 4013 441
443 5057 9345 5953 1576 7142 1774 330 8001 2302 5121 1579 1297
444 9424 6051 8122 3660 9668 207 1381 7296 9779 5288 4200 6950 5623
445 8670 3097 3100 4223 198 3971 6784 6431 8588 1566 1255 2643
446 6735 4234 5810 6213 6009 9895 3264 5772 3967 7817 4679 9661 368 4214
447 6203 7173 2105 942 9963 1303 923 9511 2189 4356 695 9023 5131
448 1017 6926 5389 5006 8334 6132 6528 4679 9534 3133 6361
449 4139 3618 946 2880 4950 3637 1428 5603 8664 259 5451
450 1380 5707 2034 4573 3981 5942 475 6730 6297 5724 7926 3471
451 7997 5868 5605 6089 1757 2842 7791 1772 4013 9968 8040 7208 2141 7313 2130 5169 9480
452 3682 5654 38 7824 2288 3378 9200 3836 9489 7012 1163 3452
453 1104 2118 1868 3809 4576 6704 8054 524 4594 1671
454 1850 3038 7104 9325 4475 8219 8357 9830 4956 5418 6021 9207
455 4450 4773 6884 7946 2433 4402 3653 881 7431 1974 4573 6628 7497 6980
456 2706 4985 9140 7461 5654 3031 5943 2004 2815 4335 1401
457 2281 8432 3859 8436 9027 8145 8696 6208 159 6238 1205 1608 1041
458 9485 3671 1848 7350 6764 2714 3418 7654 5554 3034
459 3127 7921 5691 6986 735 8956 547 2997 848 557 9811
460 4714 6884 7089 9630 802 456 9606 6702 8891 9013 47 8483 2966 6669 8290
461 7500 372 8402 1150 9030 8237 1040 2024 7095 8713 7841 3656 4996 1805 3792
462 8434 5564 6861 9070 6736 400 8293 1867 5375 3105 487 4256 2555 2363 5193
463 1690 4115 5945 4410 5606 3019 7708 6061 5638 1732
464 9567 8062 9180 5678 8177 6602 8559 4049 5225 2163 4501
465 5010 321 4588 4997 1920 1129 9384 465 3641 6771 317 4608 8476 152
466 2915 292 6425 804 1888 8515 927 1815 8276 8037 2827 6082
467 6493 6868 7484 3328 2134 7711 6616 5925 5315 4958 5143 8169 1162
468 4145 8906 9995 5999 8913 9855 9973 8324 6378 8221 2533
469 6262 9254 33 7521 1763 9335 5135 1018 1113 542 652 3907 5297 7338 8134
470 3679 2726 6336 8818 2759 4543 9652 5895 3670 8863 6547 6621 3530 9777 21 3916
471 6534 4066 8252 1044 1817 7237 6807 50 3424 7417 7672
472 3972 9601 4693 3096 2790 7414 1484 3869 2207 9221 1829 141 7153
473 8719 4901 3044 6179 7843 7854 9049 3926 4841 459 8521 4645 7267
474 9745 1915 863 7955 9260 9698 2454 6030 3536 7887 7183 9449 3808 4937 5530
475 6574 4624 3026 3325 7474 6456 8429 9822 2541 8975 9675 7100
476 7334 7954 3807 5692 7389 7 603 1825 3646 9714
477 7621 1577 6479 8653 6833 6877 791 925 7851 3357 3936 7096 5181 688
478 8033 5340 6079 5887 6793 7712 3974 3136 5182 9441
479 9697 7543 7380 3237 4993 6034 9768 8096 2191 4217
480 1880 7709 7566 2791 8847 4923 4378 4050 859 2731 8372 7999 4606
481 7980 716 2503 9782 9208 7757 5703 2719 7657 9622 7429 5232 8267 2555
482 2249 5680 8185 974 6635 2657 1335 8011 6342 3478
483 5066 4738 6521 272 8985 9390 5604 8226 888 8470 2246 4001
484 9891 2644 3561 6661 648 2988 1121 6128 4412 7037 2609 1697 4077 9705
485 8635 7768 9533 1278 1743 1664 4045 5962 9685 6309 9262
486 8505 399 4362 2479 5309 7587 8730 5159 3074 809 1114 3434
487 4823 9806 330 2255 394 3383 7445 4222 6836 2965 9733 8018 2019 8005 5828 5162 1857 8220 714
488 7173 9893 8145 9463 466 1216 1696 8827 7299 7574 7471 2486 4153 4162 6949 8684
489 2952 8828 1253 6164 1256 6893 4513 3709 523 315 3759 5880
490 1191 7884 8599 193 7187 89 1480 9897 3796 1159 3634 4320
491 6072 6987 8685 8021 7221 7522 8105 4147 2223 507 6857 5876 3389
492 4252 3442 4431 4377 4530 2680 8624 2623 6508 1160 1781 1553 1611
493 1108 3630 9861 569 6137 8566 2504 2678 7586 3049 6374 6925 8988 55 4612 2384
494 7700 5304 9326 3522 4858 8716 4815 9954 4739 1992 480 5011 3080
495 6682 2131 230 891 6280 3645 1107 4597 8967 3880 9129
496 5379 1266 9024 1828 8024 6660 2397 2985 8674
497 6406 7334 8274 2526 7617 9895 5846 3479 2298 9312 1457 6170 9199 9222 438
498 3729 4080 6485 3600 4830 500 9284 1296 3827 9842 7905 303
499 8025 9994 6160 8308 4990 6688 995 3290 1562 1802 9375 8134
