100
0 17 104 398 37 38 30 1125 663 442 625 7301 178 1255 159 1248 4738 651 554 1555 35 2622 2340 797 5503 231 757 464 88 8732 2482 91 2557 1522 93
1 347 472 415 241 281 45 251 7 591 18 74 41 14 1473 26 21 13 46 111 29 1290 463 8 84 110 357 138 174 1495 166 5 93
2 378 38 652 6711 9589 2028 3797 1756 770 1107 4151 36 510 318 7056 1 28 22 103 5472 268 3774 950 24 6589 27 1553 1495 898 2643 1562 94
3 9 6188 725 1014 58 7105 49 18 631 114 1992 495 1122 4412 0 1463 331 97 1227 46 279 109 964 2942 645 658 259 60 100 271 174 8733 235 3740
4 17 37 9 2260 222 45 195 58 3692 154 18 257 3975 200 167 0 7055 14 57 299 1424 13 546 82 6 47 55 4 587 133 335 8 19 742 6147 3767 174 2818 65 5 6270 482
5 1263 240 39 9 25 20 2 0 35 57 97 12 6 105 1 43 199 1239 143 138 387 24 16 496 3110 3513 3 809 107 31 5 4752 130
6 4150 17 104 39 30 56 9 168 689 89 52 7 95 87 54 57 135 208 502 40 42 4977 133 125 225 143 1501 53 1912 2902 81 802
7 1851 205 126 3424 39 9 6747 2876 7 20 2 23 0 163 8955 26 12 3009 47 4 822 468 1 8 7480 2256 2250 11 1496 115 3 5 94
8 9491 6518 5530 3002 5136 360 1298 3824 752 1416 54 3198 381 41 3666 325 540 600 6630 6359 5547 6938 9141 1163 8028 452 1495 6327 31 5132
9 6383 204 220 1072 1619 1755 1782 50 295 289 0 163 554 2665 14 64 279 397 109 47 432 468 84 4647 5489 1885 5233
10 3632 39 1390 1737 6881 2500 2379 5926 370 736 2932 129 371 178 277 361 4237 679 161 2203 310 381 7549 14 1996 46 1005 8 8157 976 27 269 34 5463 2364 1506 2692 599
11 1296 126 1408 1443 1288 73 117 790 1436 4448 114 1958 54 12 2859 64 6229 5205 136 6 4 55 9424 4838 5689 1721 6156 856 5415 1677 8735 206 112 1037 51 7559 79 9017
12 3128 3736 126 1947 377 427 2177 20 1426 3887 14 3558 3799 13 8806 109 181 6 4 1613 1 8 231 138 88 112 27 61 11 166 288 3 107 5 735 8906 413 93
13 1371 1109 514 1413 2264 45 3096 129 95 49 132 1499 1271 184 528 135 122 109 48 2793 1318 2735 644 77 3648 3284 1402 33 108 90
14 6424 126 1587 39 1813 5850 3516 286 3514 4895 92 2985 6604 847 858 1866 876 20 4723 665 4977 594 1053 641 84 666 3764 411 2115 60 3125 106 27 329 7460 7858 621 1338 1007
15 38 178 25 160 2 686 1394 1597 26 131 2858 1053 389 4 1290 1 66 43 8 930 138 4498 27 106 2659 33 59 248 3 898 885 1312 93
16 17 283 9 120 2647 5417 8365 1759 7 1298 2014 565 201 0 5526 26 46 181 29 804 28 199 143 323 223 948 993 63 1818 5 31 446 968 234 621 252
17 1485 5381 1077 38 30 1330 158 249 211 222 52 45 312 1019 2409 1417 23 2399 1395 1527 57 1273 8868 510 2924 8389 40 193 5205 111 364 2067 22 110 19 1421 145 106 1182 61 11 291 152
18 3116 37 314 639 1457 2040 712 3330 6061 4102 2 1271 0 441 6658 773 3036 122 42 6 4 1687 176 43 8 7214 496 362 11 3 79
19 4113 30 216 56 287 69 222 1253 175 67 2552 160 5294 20 550 2 381 184 769 2492 139 817 48 1 8 5167 4958 724 16 596 59 3 3428 2564 708
20 17 2298 2930 379 1886 3200 688 39 859 1027 120 4553 943 2019 7 18 20 849 7564 2591 149 5526 137 4 6013 8 66 2377 1052 1508 3575 5330 75 33 7048 1713 5 630 9246 4889
21 168 887 673 448 281 70 50 83 160 164 326 3082 21 5761 366 250 6 4 3562 1 9382 2624 3470 2080 263 471 27 329 1779 33 5 885 426 152 252 482
22 180 980 240 355 216 101 89 129 132 164 20 244 44 74 57 97 64 193 111 46 6 102 1290 7798 105 1542 84 1310 658 703 455 8156 2615 705 7530 1317 51 68 15
23 17 3943 9 8086 7202 7810 2429 281 758 750 18 160 343 78 1407 23 74 2142 866 894 14 1010 2049 13 842 502 139 1793 138 572 4699 98 65 5834 426 4336 264
24 37 6799 3573 128 436 45 605 828 3694 18 141 6489 695 23 531 299 12 46 42 3176 906 105 28 6006 3504 3483 53 88 91 708 5895
25 155 9 140 287 1899 241 6148 2255 178 301 233 1532 5791 188 57 227 26 4722 230 366 242 46 82 47 7322 84 19 3655 564 280 3 15
26 652 9 10 327 129 262 257 2 54 36 14 144 13 40 111 376 797 181 1290 1 9798 77 199 336 8454 907 61 433 3 15 127
27 17 909 461 37 606 9 140 3357 120 6188 3506 117 228 70 7 95 1033 18 922 2591 23 184 14 506 149 12 137 324 82 4645 47 604 29 110 77 320 704 431 34 63 6668 5
28 347 32 472 3768 224 7 95 67 213 78 164 197 196 23 76 14 12 9332 408 122 546 8176 102 1717 489 8 43 444 320 3054 8654 121 16 63 1001 3 5 90 2628
29 4031 30 9 586 1205 8976 478 241 243 1157 350 7 2212 437 4088 114 260 44 74 0 35 12 21 151 156 48 4444 223 2291 496 2726 2153 1384 51 1568 2700
30 628 124 3071 9948 1356 169 399 220 1253 373 177 36 41 149 26 1084 13 687 82 55 2922 22 110 239 1282 957 860 291 51 153
31 155 217 249 712 5286 50 83 3180 197 1593 161 1776 1467 354 554 513 14 35 12 21 208 144 6163 6 47 133 1 105 28 276 1114 27 512 65 3 5 130 15
32 5561 180 9575 3160 9 186 1009 7 49 25 20 3975 709 3849 2 14 62 1579 242 4548 869 4 4048 435 1 518 1021 176 22 28 5921 138 239 362 16 624 3
33 104 537 6647 9 2011 10 7832 45 70 3476 18 1606 0 356 2339 57 2731 528 520 1458 1698 40 6 9639 2295 9365 1504 3774 7585 476 362 1198 2603 5 51 968 15
34 1752 155 32 9 140 1737 514 3218 7 2776 201 114 44 2 0 54 41 14 57 35 21 1482 548 6 48 4 1 28 2469 444 3097 19 9952 268 146 16 65 3 3222 5 15
35 37 4207 3537 186 1830 73 473 2148 1782 301 123 277 85 198 4410 21 1026 502 102 55 1959 22 103 1504 19 1260 1677 259 71 5221 433 108 1885 15
36 37 3573 89 2070 1797 4136 187 1133 23 0 99 1783 4171 883 406 1094 28 1044 323 471 308 16 106 11 1029 5826 934 701 3505 1936
37 838 202 865 2117 1256 795 2693 45 251 129 49 679 76 184 12 2430 137 9294 165 55 263 24 27 4153 1029 369 1141 1317 166 107 1224 15
38 32 249 1126 118 360 723 2 23 0 14 253 9252 13 1329 548 3989 1050 1 231 225 2518 22 28 5675 309 3097 1260 138 263 7677 994 6656 61 6411 3 3323 735
39 337 5225 4731 2570 7 867 5270 8558 0 6310 99 9061 1981 2170 1292 6843 2120 6502 3298 22 836 581 273 4547 1129 4498 34 247 5540 1297 3906
40 1087 859 217 1540 1787 5208 173 78 1517 141 3849 2490 328 36 5409 1292 218 116 784 48 2254 5609 28 4405 2596 112 1697 8890 552 3 51 621 93
41 1210 2415 155 17 37 38 9 453 249 89 8724 2931 372 243 8911 1880 7 154 825 1321 6373 44 2 0 651 184 686 14 13 7905 364 669 5154 2444 1 176 8 110 490 19 907 27 2153 115 5 234 15
42 1369 155 1263 6033 205 1999 1460 9577 8168 2325 1462 8468 4199 20 62 1132 588 6092 6192 7723 1 4742 3617 2426 1358 3097 491 146 1137 2373 3571 731 1944 708 2076
43 3317 7180 846 379 1375 8629 219 7862 1353 25 679 6419 785 1397 23 3395 356 2775 5038 325 1855 1552 826 72 488 103 2507 490 3231 6655 409 1912 724 16 496 6423 1384
44 390 39 270 9 2884 7075 422 45 2100 7 25 85 3130 354 592 6686 102 659 1112 43 6692 77 258 309 704 6986 348 466 63 512 33 671 90 152
45 4115 38 240 7479 2288 210 7548 120 3529 3475 20 2425 7627 2393 41 97 135 26 8389 1954 1000 857 1687 693 9569 225 142 7429 6082 121 675 3938 3740 108 81 9804 79
46 69 241 5571 3941 3076 49 9517 850 2882 196 9086 35 1155 1424 227 300 40 424 1050 133 7964 28 84 72 2604 4750 138 1363 1902 1415 476 699 329 1502 1286 81 3602 1848
47 7891 1396 2413 4529 3635 525 7238 224 1836 7936 85 261 6734 167 36 3624 2802 1084 845 339 7660 2892 357 1906 19 1226 2291 2751 174 106 5540 79
48 104 933 405 38 4247 30 839 2371 1104 285 118 45 890 58 178 123 1554 74 2060 254 513 57 227 116 318 1283 1218 119 22 103 19 206 24 308 584 16 34 330 108 968 68 2041 79
49 37 157 240 56 5954 69 2919 8738 7 83 6450 977 973 4151 0 36 12 1671 144 1011 687 2201 8 3608 171 911 994 3247 192 4342 191 4828 108 5 2195 5233 4734 15
50 126 6510 56 6959 118 5760 8823 1787 368 224 2177 233 123 114 4340 74 1067 528 1871 1218 917 1711 86 641 971 771 2782 1232 455 313 2066 24 2752 888 3038 31
51 104 180 157 39 780 52 1692 508 7711 7 2148 304 18 160 2 0 99 12 40 6 4 1 6211 143 5031 53 1415 2642 16 426
52 104 603 4226 712 6161 1666 377 5313 1280 1591 178 187 326 3849 87 2568 44 41 501 151 1954 982 1482 207 7979 203 2974 133 28 2721 1401 853 317 2983 63 3182 33 194 708 5407
53 1650 17 6121 6029 404 30 777 4716 481 399 6642 4865 8660 70 360 9666 3964 1866 342 534 0 1695 99 4525 4167 246 5997 3102 914 677 3739 5570 65
54 155 32 715 663 182 58 926 304 183 123 18 4738 928 418 144 424 82 382 47 1410 475 43 5415 5082 2471 751 71 1169 280 2316 7290 3906 5747 4336 153 1249 127 15
55 1851 1864 1077 128 793 609 10 3267 52 1209 175 437 44 167 674 2328 494 26 697 401 1368 4838 7266 225 8 103 759 1096 572 121 71 7064 11 662 115 900
56 1210 155 1315 4255 7848 32 355 3756 211 2982 1309 183 2650 1015 87 868 177 331 582 40 137 1804 382 1646 1654 19 9154 914 214 1152 624 59 837 1936 1475
57 375 37 1951 39 316 30 158 249 118 10 52 150 183 200 162 0 227 1597 218 784 111 82 5388 497 28 110 19 53 311 24 27 2590 34 1123 68 968 4994 15
58 9759 909 126 202 124 601 69 10 1165 2127 183 25 54 41 35 319 1086 82 47 48 869 66 28 1810 1044 143 19 268 3106 1423 33 1411 79
59 32 286 979 725 118 52 3002 5459 1325 2060 99 2736 35 149 1566 1334 40 756 7979 382 5350 8450 1 84 43 225 28 19 1096 523 914 5333 27 9913 34 3843 3 5 426 6138 15 6238 1655
60 4247 32 124 9 690 2848 69 586 118 18 713 200 177 0 99 9373 35 4020 773 6 8 66 1089 121 100 174 3616 412 65 3 15
61 5853 283 9 6223 3215 6845 1408 5882 18 295 2625 2976 54 3624 135 208 1156 48 389 869 3935 3511 945 444 1444 6043 3390 7120 348 9584 106 1637 512 1738 438 968 252
62 157 8017 595 777 69 4841 1675 538 3345 5296 304 7624 3704 173 278 85 0 1395 2372 5696 36 14 57 928 21 982 1900 5702 111 46 96 766 203 659 1310 2080 138 24 1439 907 7117 1738 2475 7559 79
63 1263 4497 5989 37 4325 2401 3320 6267 255 182 660 3073 2378 9347 2626 709 1133 1958 2137 367 5779 2122 4801 1179 6481 1056 971 1573 475 4259 2811 106 6855 1779 6700 3423 1745 900 2307
64 126 30 140 158 168 712 5180 1117 5329 215 500 310 1177 80 697 4191 397 48 339 410 465 518 6074 706 751 146 458 3604 3497 24 100 590 5001 1589 7421
65 606 5482 217 349 281 70 154 1694 1324 2 531 3689 26 46 47 119 6 4 29 815 988 225 336 100 1337 353 2818 11 681 31
66 293 4072 606 1201 947 1865 361 187 680 36 9888 2204 1981 1424 1671 1250 136 102 119 2491 964 9987 43 1677 623 1421 88 63 269 1708 2169
67 32 158 118 10 2959 1066 3287 50 49 2 3826 218 1671 13 131 139 250 816 2857 1573 66 5921 3425 666 1358 1680 751 1039 485 590 65 1765 6116 264 252
68 806 39 1442 8025 1888 52 1319 3411 7342 1333 132 969 1393 2 2517 441 7231 501 5022 170 82 1005 2398 22 19 1455 313 2784 71 6961 112 4430 5463 63 1502 11 191 1140
69 17 9 1205 2725 1675 70 50 876 850 479 62 7541 1010 588 338 1482 318 42 119 4 1005 804 1358 1129 4834 174 648 633
70 38 266 2848 1917 204 1061 5364 660 83 5465 2425 267 36 62 21 2547 4 86 1 1889 43 22 28 6763 3931 53 6005 9140 174 16 2950 2207 11 59 65 3 107 90 15
71 5592 390 202 7306 1882 204 8917 799 83 164 20 4881 8104 441 36 80 1867 546 4 2611 4921 5195 1721 22 636 1843 3512 1825 1616 2359 3 2087
72 873 38 216 515 241 373 58 67 78 530 3696 9722 3243 254 1566 559 5610 156 82 47 1878 822 105 581 1144 145 1299 34 2739 152 79 420
73 3862 155 9478 2796 2860 2703 3725 867 7702 637 5050 1122 423 9547 4976 1404 1494 1057 1045 4 3649 2172 6338 2878 2201 1128 2724 4311 1294 4346 7553 2315 3 7497
74 39 436 10 45 179 4216 148 7636 1416 2 8489 23 14 35 685 6 4 1 2522 4060 8 1893 1307 1680 138 3483 8614 88 466 492 996 1495 81 5 130
75 104 6930 8878 38 537 1896 690 286 3203 10 2264 45 625 2208 154 5910 262 18 148 821 147 583 161 3022 868 871 484 0 6165 14 35 198 13 250 96 165 1 303 3106 88 16 27 11 75 65 3244
76 126 39 1540 8056 1830 10 251 867 49 260 23 2 0 2060 341 6402 80 12 21 714 756 279 1215 48 389 869 4 1 28 8095 16 27 11 1615 3 5
77 37 229 140 715 4193 1130 514 272 173 141 177 254 76 528 135 13 207 533 142 464 4138 75 3045 809 212 599 81 90 127 79
78 8116 355 595 172 555 3494 2264 1686 1913 67 83 2282 7881 261 1948 5902 2 4482 99 1925 21 292 5446 2285 414 29 411 171 6480 1152 16 3712 1502 3700 359 3324 7284 245
79 7371 222 10 281 943 45 4486 159 49 18 6450 87 2 0 76 3983 3367 97 1734 4962 3526 6 1318 1 121 584 353 9657 3 51 968 1099
80 205 5297 585 1153 371 178 1003 20 187 1004 2 0 1271 99 76 1067 21 13 156 139 6483 6652 42 2857 29 4 1 8 138 1363 121 529 11 75 3244 3 107 5 968 15
81 155 1263 17 37 205 30 355 9 2848 1583 586 4500 45 150 7 7481 1958 54 367 1177 80 12 5731 144 170 165 42 869 6 4 29 3488 3097 60 5668 3761 11 166 31 194
82 9551 6051 6348 517 2908 1983 6868 5180 516 7710 3965 150 2932 277 6769 334 163 341 1177 1227 6467 339 4132 395 1171 645 1378 927 146 2114 247 1150 192 952 59 264
83 7315 30 39 168 120 747 5929 1072 7 7475 160 631 637 977 162 74 871 513 2715 12 501 842 632 137 170 4300 105 702 138 214 3175 409 2408 33 291 81
84 17 404 1737 4347 69 10 449 241 377 70 7 25 134 437 201 20 8402 36 184 776 618 48 181 4 29 8 851 6656 317 3281 33 4363 31 93
85 6729 3275 3858 238 10 73 25 123 78 437 23 866 2209 513 7808 499 836 19 138 524 2757 71 388 106 1302 16 235 7756 75 33 59 1503 212 5
86 155 37 32 124 879 266 436 120 89 7 154 50 25 583 558 328 23 74 36 41 62 14 536 2538 21 13 230 397 96 4 22 199 19 138 579 476 100 61 235 599 5
87 6052 5046 8065 519 6779 1847 1583 220 1725 1333 1254 4460 0 1842 6134 21 2825 1368 1045 807 4456 463 2716 1427 3604 24 8949 3761 2428 11 4227 5820 708 8353
88 5140 2271 37 32 5811 190 217 1027 2010 67 18 326 612 99 36 9542 854 714 139 6 48 3158 470 9040 434 9710 3600 61 3110 970 90 130
89 788 205 30 39 1172 179 58 3883 178 1948 267 0 35 80 26 156 48 226 8 72 258 1307 636 1008 206 60 71 333 16 596 11 393 98 107 127 79
90 155 17 140 210 1640 287 272 350 49 261 44 23 80 26 12 21 131 756 6 3249 102 4 29 3935 86 4469 28 638 1364 138 997 2566 447 27 11 487 1496 3222 4803 509
91 586 2236 25 680 85 4581 2 2355 1264 1671 338 13 48 29 125 1 8 60 352 16 27 11 452 3643 3244 3 5 1932 15 93
92 293 32 216 1862 1799 120 92 10 179 160 164 215 331 57 137 131 1804 279 165 109 568 42 6 47 8 1039 994 1541 53 75 107 31 130 15 2076
93 2368 205 128 32 56 422 154 233 50 25 647 147 640 709 87 244 267 44 554 35 57 230 1225 46 6 55 22 623 345 206 59 31 152 237
94 3878 9464 155 3124 2663 8741 39 436 5306 238 2486 407 1604 117 7 371 8970 23 0 54 1032 80 97 1289 4124 102 432 77 1389 259 737 2136 34 2428 8734 2883 5 252 967 15
95 4150 17 1861 240 3618 3414 284 195 7 132 20 200 85 1776 99 562 80 97 2453 116 13 156 817 55 1620 103 138 997 2874 98 5704
96 589 404 1442 609 2102 8414 18 2797 244 778 6438 54 513 62 5627 3082 520 131 687 762 6 203 826 5160 8 1310 946 658 268 214 16 451 75 212 5 2644 2380 2195 2251
97 405 92 69 2429 1492 508 1591 83 2282 20 2636 1974 2 1032 35 3594 318 6 7056 468 1 84 72 8591 543 2814 138 1478 458 1558 53 16 191 5034 3
98 17 642 32 649 30 216 120 52 1986 44 354 23 54 21 13 111 82 136 4 55 66 1358 3097 19 524 53 699 34 75 68 94
99 155 113 4494 17 5144 69 2151 241 73 67 2552 49 173 1065 25 4105 583 161 550 315 139 1017 720 29 454 303 309 138 1843 503 2114 447 5359 280 191 459 234
